<?xml version="1.0" encoding="UTF-8"?>
<testsuites name="jest tests" tests="2" failures="0" errors="0" time="4.322">
  <testsuite name="CoursesListComponent" errors="0" failures="0" skipped="0" timestamp="2024-09-22T20:38:54" time="2.686" tests="1">
    <testcase classname="CoursesListComponent should create" name="CoursesListComponent should create" time="0.054">
    </testcase>
  </testsuite>
  <testsuite name="CoursesComponent" errors="0" failures="0" skipped="0" timestamp="2024-09-22T20:38:54" time="2.864" tests="1">
    <testcase classname="CoursesComponent should create" name="CoursesComponent should create" time="0.178">
    </testcase>
  </testsuite>
</testsuites>